# JRE version: Java(TM) SE Runtime Environment (8.0_112-b15) (build 1.8.0_112-b15)
# Java VM: Java HotSpot(TM) 64-Bit Server VM (25.112-b15 mixed mode windows-amd64 compressed oops)
Heap:
 PSYoungGen      total 55296K, used 2214K [0x00000007bc400000, 0x00000007c0000000, 0x00000007c0000000)
  eden space 49152K, 2% used [0x00000007bc400000,0x00000007bc4f99c8,0x00000007bf400000)
  from space 6144K, 19% used [0x00000007bfa00000,0x00000007bfb30000,0x00000007c0000000)
  to   space 6144K, 0% used [0x00000007bf400000,0x00000007bf400000,0x00000007bfa00000)
 ParOldGen       total 226304K, used 153188K [0x0000000700000000, 0x000000070dd00000, 0x00000007bc400000)
  object space 226304K, 67% used [0x0000000700000000,0x0000000709599150,0x000000070dd00000)
 Metaspace       used 85406K, capacity 86133K, committed 87040K, reserved 1124352K
  class space    used 11816K, capacity 11941K, committed 12032K, reserved 1048576K
GC Heap History (10 events):
Event: 16733.672 GC heap before
{Heap before GC invocations=2032 (full 20):
 PSYoungGen      total 55296K, used 3552K [0x00000007bc400000, 0x00000007c0000000, 0x00000007c0000000)
  eden space 49152K, 0% used [0x00000007bc400000,0x00000007bc400000,0x00000007bf400000)
  from space 6144K, 57% used [0x00000007bfa00000,0x00000007bfd78008,0x00000007c0000000)
  to   space 6144K, 0% used [0x00000007bf400000,0x00000007bf400000,0x00000007bfa00000)
 ParOldGen       total 226304K, used 215706K [0x0000000700000000, 0x000000070dd00000, 0x00000007bc400000)
  object space 226304K, 95% used [0x0000000700000000,0x000000070d2a6800,0x000000070dd00000)
 Metaspace       used 85275K, capacity 85997K, committed 86784K, reserved 1124352K
  class space    used 11798K, capacity 11939K, committed 12032K, reserved 1048576K
Event: 16734.671 GC heap after
Heap after GC invocations=2032 (full 20):
 PSYoungGen      total 55296K, used 0K [0x00000007bc400000, 0x00000007c0000000, 0x00000007c0000000)
  eden space 49152K, 0% used [0x00000007bc400000,0x00000007bc400000,0x00000007bf400000)
  from space 6144K, 0% used [0x00000007bfa00000,0x00000007bfa00000,0x00000007c0000000)
  to   space 6144K, 0% used [0x00000007bf400000,0x00000007bf400000,0x00000007bfa00000)
 ParOldGen       total 226304K, used 153188K [0x0000000700000000, 0x000000070dd00000, 0x00000007bc400000)
  object space 226304K, 67% used [0x0000000700000000,0x0000000709599150,0x000000070dd00000)
 Metaspace       used 85275K, capacity 85997K, committed 86784K, reserved 1124352K
  class space    used 11798K, capacity 11939K, committed 12032K, reserved 1048576K
}
Event: 16809.908 GC heap before
{Heap before GC invocations=2033 (full 20):
 PSYoungGen      total 55296K, used 49152K [0x00000007bc400000, 0x00000007c0000000, 0x00000007c0000000)
  eden space 49152K, 100% used [0x00000007bc400000,0x00000007bf400000,0x00000007bf400000)
  from space 6144K, 0% used [0x00000007bfa00000,0x00000007bfa00000,0x00000007c0000000)
  to   space 6144K, 0% used [0x00000007bf400000,0x00000007bf400000,0x00000007bfa00000)
 ParOldGen       total 226304K, used 153188K [0x0000000700000000, 0x000000070dd00000, 0x00000007bc400000)
  object space 226304K, 67% used [0x0000000700000000,0x0000000709599150,0x000000070dd00000)
 Metaspace       used 85275K, capacity 85997K, committed 86784K, reserved 1124352K
  class space    used 11798K, capacity 11939K, committed 12032K, reserved 1048576K
Event: 16809.927 GC heap after
Heap after GC invocations=2033 (full 20):
 PSYoungGen      total 55296K, used 320K [0x00000007bc400000, 0x00000007c0000000, 0x00000007c0000000)
  eden space 49152K, 0% used [0x00000007bc400000,0x00000007bc400000,0x00000007bf400000)
  from space 6144K, 5% used [0x00000007bf400000,0x00000007bf450000,0x00000007bfa00000)
  to   space 6144K, 0% used [0x00000007bfa00000,0x00000007bfa00000,0x00000007c0000000)
 ParOldGen       total 226304K, used 153188K [0x0000000700000000, 0x000000070dd00000, 0x00000007bc400000)
  object space 226304K, 67% used [0x0000000700000000,0x0000000709599150,0x000000070dd00000)
 Metaspace       used 85275K, capacity 85997K, committed 86784K, reserved 1124352K
  class space    used 11798K, capacity 11939K, committed 12032K, reserved 1048576K
}
Event: 16886.274 GC heap before
{Heap before GC invocations=2034 (full 20):
 PSYoungGen      total 55296K, used 49472K [0x00000007bc400000, 0x00000007c0000000, 0x00000007c0000000)
  eden space 49152K, 100% used [0x00000007bc400000,0x00000007bf400000,0x00000007bf400000)
  from space 6144K, 5% used [0x00000007bf400000,0x00000007bf450000,0x00000007bfa00000)
  to   space 6144K, 0% used [0x00000007bfa00000,0x00000007bfa00000,0x00000007c0000000)
 ParOldGen       total 226304K, used 153188K [0x0000000700000000, 0x000000070dd00000, 0x00000007bc400000)
  object space 226304K, 67% used [0x0000000700000000,0x0000000709599150,0x000000070dd00000)
 Metaspace       used 85275K, capacity 85997K, committed 86784K, reserved 1124352K
  class space    used 11798K, capacity 11939K, committed 12032K, reserved 1048576K
Event: 16886.283 GC heap after
Heap after GC invocations=2034 (full 20):
 PSYoungGen      total 55296K, used 288K [0x00000007bc400000, 0x00000007c0000000, 0x00000007c0000000)
  eden space 49152K, 0% used [0x00000007bc400000,0x00000007bc400000,0x00000007bf400000)
  from space 6144K, 4% used [0x00000007bfa00000,0x00000007bfa48000,0x00000007c0000000)
  to   space 6144K, 0% used [0x00000007bf400000,0x00000007bf400000,0x00000007bfa00000)
 ParOldGen       total 226304K, used 153188K [0x0000000700000000, 0x000000070dd00000, 0x00000007bc400000)
  object space 226304K, 67% used [0x0000000700000000,0x0000000709599150,0x000000070dd00000)
 Metaspace       used 85275K, capacity 85997K, committed 86784K, reserved 1124352K
  class space    used 11798K, capacity 11939K, committed 12032K, reserved 1048576K
}
Event: 16909.302 GC heap before
{Heap before GC invocations=2035 (full 20):
 PSYoungGen      total 55296K, used 49440K [0x00000007bc400000, 0x00000007c0000000, 0x00000007c0000000)
  eden space 49152K, 100% used [0x00000007bc400000,0x00000007bf400000,0x00000007bf400000)
  from space 6144K, 4% used [0x00000007bfa00000,0x00000007bfa48000,0x00000007c0000000)
  to   space 6144K, 0% used [0x00000007bf400000,0x00000007bf400000,0x00000007bfa00000)
 ParOldGen       total 226304K, used 153188K [0x0000000700000000, 0x000000070dd00000, 0x00000007bc400000)
  object space 226304K, 67% used [0x0000000700000000,0x0000000709599150,0x000000070dd00000)
 Metaspace       used 85380K, capacity 86133K, committed 87040K, reserved 1124352K
  class space    used 11809K, capacity 11941K, committed 12032K, reserved 1048576K
Event: 16909.306 GC heap after
Heap after GC invocations=2035 (full 20):
 PSYoungGen      total 55296K, used 608K [0x00000007bc400000, 0x00000007c0000000, 0x00000007c0000000)
  eden space 49152K, 0% used [0x00000007bc400000,0x00000007bc400000,0x00000007bf400000)
  from space 6144K, 9% used [0x00000007bf400000,0x00000007bf498000,0x00000007bfa00000)
  to   space 6144K, 0% used [0x00000007bfa00000,0x00000007bfa00000,0x00000007c0000000)
 ParOldGen       total 226304K, used 153188K [0x0000000700000000, 0x000000070dd00000, 0x00000007bc400000)
  object space 226304K, 67% used [0x0000000700000000,0x0000000709599150,0x000000070dd00000)
 Metaspace       used 85380K, capacity 86133K, committed 87040K, reserved 1124352K
  class space    used 11809K, capacity 11941K, committed 12032K, reserved 1048576K
}
Event: 16913.099 GC heap before
{Heap before GC invocations=2036 (full 20):
 PSYoungGen      total 55296K, used 49760K [0x00000007bc400000, 0x00000007c0000000, 0x00000007c0000000)
  eden space 49152K, 100% used [0x00000007bc400000,0x00000007bf400000,0x00000007bf400000)
  from space 6144K, 9% used [0x00000007bf400000,0x00000007bf498000,0x00000007bfa00000)
  to   space 6144K, 0% used [0x00000007bfa00000,0x00000007bfa00000,0x00000007c0000000)
 ParOldGen       total 226304K, used 153188K [0x0000000700000000, 0x000000070dd00000, 0x00000007bc400000)
  object space 226304K, 67% used [0x0000000700000000,0x0000000709599150,0x000000070dd00000)
 Metaspace       used 85406K, capacity 86133K, committed 87040K, reserved 1124352K
  class space    used 11816K, capacity 11941K, committed 12032K, reserved 1048576K
Event: 16913.105 GC heap after
Heap after GC invocations=2036 (full 20):
 PSYoungGen      total 55296K, used 1216K [0x00000007bc400000, 0x00000007c0000000, 0x00000007c0000000)
  eden space 49152K, 0% used [0x00000007bc400000,0x00000007bc400000,0x00000007bf400000)
  from space 6144K, 19% used [0x00000007bfa00000,0x00000007bfb30000,0x00000007c0000000)
  to   space 6144K, 0% used [0x00000007bf400000,0x00000007bf400000,0x00000007bfa00000)
 ParOldGen       total 226304K, used 153188K [0x0000000700000000, 0x000000070dd00000, 0x00000007bc400000)
  object space 226304K, 67% used [0x0000000700000000,0x0000000709599150,0x000000070dd00000)
 Metaspace       used 85406K, capacity 86133K, committed 87040K, reserved 1124352K
  class space    used 11816K, capacity 11941K, committed 12032K, reserved 1048576K
}

